{"/Users/user/Desktop/Oma/App.tsx": {"path":"/Users/user/Desktop/Oma/App.tsx","statementMap":{"0":{"start":{"line":31,"column":12},"end":{"line":77,"column":1}},"1":{"start":{"line":32,"column":2},"end":{"line":76,"column":4}},"2":{"start":{"line":79,"column":15},"end":{"line":116,"column":2}}},"fnMap":{"0":{"name":"(anonymous_0)","decl":{"start":{"line":31,"column":12},"end":{"line":31,"column":13}},"loc":{"start":{"line":31,"column":18},"end":{"line":77,"column":1}},"line":31}},"branchMap":{"0":{"loc":{"start":{"line":40,"column":11},"end":{"line":44,"column":11}},"type":"cond-expr","locations":[{"start":{"line":40,"column":43},"end":{"line":40,"column":47}},{"start":{"line":41,"column":12},"end":{"line":43,"column":19}}],"line":40}},"s":{"0":1,"1":1,"2":1},"f":{"0":1},"b":{"0":[1,0]},"_coverageSchema":"1a1c01bbd47fc00a2c39e90264f33305004495a9","hash":"7270af082257aba446434b87df293069ba1bcbdd"}
,"/Users/user/Desktop/Oma/src/reducers/increment.tsx": {"path":"/Users/user/Desktop/Oma/src/reducers/increment.tsx","statementMap":{"0":{"start":{"line":8,"column":35},"end":{"line":8,"column":63}},"1":{"start":{"line":10,"column":21},"end":{"line":24,"column":2}},"2":{"start":{"line":15,"column":6},"end":{"line":15,"column":29}},"3":{"start":{"line":16,"column":6},"end":{"line":16,"column":36}},"4":{"start":{"line":18,"column":34},"end":{"line":18,"column":70}},"5":{"start":{"line":20,"column":6},"end":{"line":20,"column":30}},"6":{"start":{"line":21,"column":6},"end":{"line":21,"column":29}},"7":{"start":{"line":28,"column":4},"end":{"line":28,"column":16}}},"fnMap":{"0":{"name":"(anonymous_0)","decl":{"start":{"line":14,"column":15},"end":{"line":14,"column":16}},"loc":{"start":{"line":14,"column":37},"end":{"line":17,"column":5}},"line":14},"1":{"name":"(anonymous_1)","decl":{"start":{"line":18,"column":15},"end":{"line":18,"column":16}},"loc":{"start":{"line":18,"column":34},"end":{"line":18,"column":70}},"line":18},"2":{"name":"(anonymous_2)","decl":{"start":{"line":19,"column":11},"end":{"line":19,"column":12}},"loc":{"start":{"line":19,"column":22},"end":{"line":22,"column":5}},"line":19}},"branchMap":{},"s":{"0":1,"1":1,"2":1,"3":1,"4":1,"5":1,"6":1,"7":1},"f":{"0":1,"1":1,"2":1},"b":{},"_coverageSchema":"1a1c01bbd47fc00a2c39e90264f33305004495a9","hash":"ee301873a176ae4fe7aaa3ab2ec911abfb9dd466"}
}
